SF:lib\data\datasources\tv_local_data_source.dart
DA:15,1
DA:17,1
DA:20,2
DA:23,2
DA:27,1
DA:30,2
DA:33,2
DA:37,1
DA:39,2
DA:41,1
DA:47,1
DA:49,2
DA:50,4
LF:13
LH:13
end_of_record
SF:lib\data\models\tv_detail_model.dart
DA:32,26
DA:60,1
DA:61,1
DA:62,1
DA:63,1
DA:64,3
DA:65,4
DA:66,1
DA:67,1
DA:68,4
DA:69,1
DA:70,1
DA:71,1
DA:72,4
DA:73,1
DA:74,1
DA:75,1
DA:76,1
DA:77,4
DA:78,1
DA:79,1
DA:80,1
DA:81,2
DA:82,1
DA:83,1
DA:84,1
DA:85,1
DA:86,2
DA:87,1
DA:90,2
DA:91,1
DA:92,1
DA:93,3
DA:94,4
DA:95,1
DA:96,5
DA:97,1
DA:98,1
DA:99,1
DA:100,4
DA:101,1
DA:102,1
DA:103,1
DA:104,1
DA:105,4
DA:106,1
DA:107,1
DA:108,1
DA:109,1
DA:110,1
DA:111,1
DA:112,1
DA:113,1
DA:114,1
DA:115,1
DA:118,2
DA:119,1
DA:120,1
DA:121,5
DA:122,1
DA:123,1
DA:124,1
DA:125,1
DA:126,1
DA:127,4
DA:128,1
DA:129,1
DA:130,1
DA:133,1
DA:134,1
DA:135,1
DA:136,1
DA:137,1
DA:138,1
DA:139,1
DA:140,1
DA:141,1
DA:142,1
DA:143,1
DA:144,1
DA:145,1
LF:81
LH:81
end_of_record
SF:lib\data\models\tv_model.dart
DA:19,27
DA:35,4
DA:36,2
DA:37,2
DA:38,8
DA:39,2
DA:40,2
DA:41,2
DA:42,2
DA:43,4
DA:44,2
DA:45,2
DA:46,2
DA:47,4
DA:48,2
DA:51,4
DA:52,2
DA:53,2
DA:54,8
DA:55,2
DA:56,2
DA:57,2
DA:58,2
DA:59,2
DA:60,2
DA:61,2
DA:62,2
DA:63,2
DA:64,2
DA:67,2
DA:68,1
DA:69,1
DA:70,1
DA:71,1
DA:72,1
DA:73,1
DA:74,1
DA:75,1
DA:76,1
DA:77,1
DA:78,1
DA:79,1
DA:82,1
DA:83,1
DA:84,1
DA:85,1
DA:86,1
DA:87,1
DA:88,1
DA:89,1
DA:90,1
DA:91,1
DA:92,1
DA:93,1
DA:94,1
DA:95,1
LF:56
LH:56
end_of_record
SF:lib\data\models\tv_table.dart
DA:11,27
DA:18,2
DA:19,1
DA:20,1
DA:21,1
DA:22,1
DA:25,2
DA:26,1
DA:27,1
DA:28,1
DA:29,1
DA:32,2
DA:33,1
DA:34,1
DA:35,1
DA:36,1
DA:39,2
DA:40,1
DA:41,1
DA:42,1
DA:43,1
DA:46,2
DA:47,10
LF:23
LH:23
end_of_record
SF:lib\domain\entities\tv.dart
DA:4,26
DA:19,26
DA:47,7
DA:48,7
DA:49,7
DA:50,7
DA:51,7
DA:52,7
DA:53,7
DA:54,7
DA:55,7
DA:56,7
DA:57,7
DA:58,7
DA:59,7
DA:60,7
LF:16
LH:16
end_of_record
SF:lib\domain\entities\tv_detail.dart
DA:5,26
DA:33,2
DA:34,2
DA:35,2
DA:36,2
DA:37,2
DA:38,2
DA:39,2
DA:40,2
DA:41,2
DA:42,2
DA:43,2
DA:44,2
DA:45,2
LF:14
LH:14
end_of_record
SF:lib\data\datasources\tv_remote_data_source.dart
DA:24,1
DA:26,1
DA:29,3
DA:31,2
DA:32,4
DA:34,1
DA:38,1
DA:41,4
DA:43,2
DA:44,3
DA:46,1
DA:50,1
DA:52,1
DA:53,3
DA:55,2
DA:56,4
DA:58,1
DA:62,1
DA:65,3
DA:67,2
DA:68,4
DA:70,1
DA:74,1
DA:77,3
DA:79,2
DA:80,4
DA:82,1
DA:86,1
DA:88,1
DA:89,3
DA:91,2
DA:92,4
DA:94,1
LF:33
LH:33
end_of_record
SF:lib\domain\usecases\get_on_the_air_tv.dart
DA:9,1
DA:11,1
DA:12,2
LF:3
LH:3
end_of_record
SF:lib\domain\usecases\get_popular_tv.dart
DA:9,1
DA:11,1
DA:12,2
LF:3
LH:3
end_of_record
SF:lib\domain\usecases\get_top_rated_tv.dart
DA:9,1
DA:11,1
DA:12,2
LF:3
LH:3
end_of_record
SF:lib\domain\usecases\get_tv_detail.dart
DA:9,1
DA:11,1
DA:12,2
LF:3
LH:3
end_of_record
SF:lib\domain\usecases\get_tv_recommendations.dart
DA:9,1
DA:11,1
DA:12,2
LF:3
LH:3
end_of_record
SF:lib\domain\usecases\get_watchlist_tv.dart
DA:9,1
DA:11,1
DA:12,2
LF:3
LH:3
end_of_record
SF:lib\domain\usecases\get_watchlist_tv_status.dart
DA:6,1
DA:8,1
DA:9,2
LF:3
LH:3
end_of_record
SF:lib\domain\usecases\remove_watchlist_tv.dart
DA:9,1
DA:11,1
DA:12,2
LF:3
LH:3
end_of_record
SF:lib\domain\usecases\save_watchlist_tv.dart
DA:9,1
DA:11,1
DA:12,2
LF:3
LH:3
end_of_record
SF:lib\domain\usecases\search_tv.dart
DA:9,1
DA:11,1
DA:12,2
LF:3
LH:3
end_of_record
SF:lib\data\models\tv_response.dart
DA:7,2
DA:9,4
DA:10,4
DA:11,6
DA:12,6
DA:15,2
DA:16,5
DA:19,0
DA:20,0
LF:9
LH:7
end_of_record
SF:lib\data\repositories\tv_repository_impl.dart
DA:16,1
DA:21,1
DA:24,2
DA:25,5
DA:26,1
DA:28,1
DA:33,1
DA:36,2
DA:37,2
DA:38,1
DA:40,1
DA:45,1
DA:48,2
DA:49,3
DA:50,1
DA:52,1
DA:57,1
DA:60,2
DA:61,5
DA:62,1
DA:64,1
DA:69,1
DA:72,2
DA:73,5
DA:74,1
DA:76,1
DA:81,1
DA:84,2
DA:85,5
DA:86,1
DA:88,1
DA:93,1
DA:97,3
DA:98,1
DA:99,1
DA:100,3
DA:106,1
DA:110,3
DA:111,1
DA:112,1
DA:113,3
DA:117,1
DA:119,2
DA:123,1
DA:125,2
DA:126,5
LF:46
LH:46
end_of_record
SF:lib\presentation\bloc\on_the_air_tv\on_the_air_tv_event.dart
DA:4,1
DA:6,0
DA:7,0
LF:3
LH:1
end_of_record
SF:lib\presentation\bloc\on_the_air_tv\on_the_air_tv_state.dart
DA:4,4
DA:6,1
DA:7,1
DA:17,3
DA:19,1
DA:20,2
DA:26,2
DA:28,1
DA:29,2
LF:9
LH:9
end_of_record
SF:lib\presentation\bloc\on_the_air_tv\on_the_air_tv_bloc.dart
DA:12,1
DA:13,2
DA:14,2
DA:15,2
DA:16,2
DA:18,1
DA:19,1
DA:20,3
DA:22,1
DA:23,2
LF:10
LH:10
end_of_record
SF:lib\presentation\bloc\popular_tv\popular_tv_state.dart
DA:4,4
DA:6,1
DA:7,1
DA:17,3
DA:19,1
DA:20,2
DA:26,2
DA:28,1
DA:29,2
LF:9
LH:9
end_of_record
SF:lib\presentation\bloc\popular_tv\popular_tv_bloc.dart
DA:11,3
DA:12,2
DA:13,2
DA:15,2
DA:17,1
DA:18,1
DA:19,3
DA:21,1
DA:22,2
LF:9
LH:9
end_of_record
SF:lib\presentation\bloc\popular_tv\popular_tv_event.dart
DA:4,2
DA:6,0
DA:7,0
LF:3
LH:1
end_of_record
SF:lib\presentation\bloc\recommendation_tv\recommendation_tv_state.dart
DA:4,4
DA:6,1
DA:7,1
DA:17,3
DA:19,1
DA:20,2
DA:26,3
DA:28,1
DA:29,2
LF:9
LH:9
end_of_record
SF:lib\presentation\bloc\recommendation_tv\recommendation_tv_event.dart
DA:4,2
DA:6,0
DA:7,0
DA:13,2
DA:15,0
DA:16,0
LF:6
LH:2
end_of_record
SF:lib\presentation\bloc\recommendation_tv\recommendation_tv_bloc.dart
DA:12,1
DA:13,2
DA:14,2
DA:15,2
DA:17,3
DA:19,1
DA:20,1
DA:21,3
DA:23,1
DA:24,2
LF:10
LH:10
end_of_record
SF:lib\presentation\bloc\top_rated_tv\top_rated_tv_event.dart
DA:4,1
DA:6,0
DA:7,0
LF:3
LH:1
end_of_record
SF:lib\presentation\bloc\top_rated_tv\top_rated_tv_bloc.dart
DA:11,3
DA:12,2
DA:13,2
DA:15,2
DA:17,1
DA:18,1
DA:19,3
DA:21,1
DA:22,2
LF:9
LH:9
end_of_record
SF:lib\presentation\bloc\top_rated_tv\top_rated_tv_state.dart
DA:4,4
DA:6,1
DA:7,1
DA:17,3
DA:19,1
DA:20,2
DA:26,2
DA:28,1
DA:29,2
LF:9
LH:9
end_of_record
SF:lib\presentation\bloc\tv_detail\tv_detail_event.dart
DA:4,2
DA:6,0
DA:7,0
DA:13,2
DA:15,0
DA:16,0
LF:6
LH:2
end_of_record
SF:lib\presentation\bloc\tv_detail\tv_detail_state.dart
DA:4,4
DA:6,1
DA:7,1
DA:17,3
DA:19,1
DA:20,2
DA:26,3
DA:28,1
DA:29,2
LF:9
LH:9
end_of_record
SF:lib\presentation\bloc\tv_detail\tv_detail_bloc.dart
DA:11,3
DA:12,2
DA:13,2
DA:15,3
DA:17,1
DA:18,1
DA:19,3
DA:21,1
DA:22,2
LF:9
LH:9
end_of_record
SF:lib\presentation\bloc\search_tv\search_tv_event.dart
DA:4,1
DA:6,0
DA:7,0
DA:13,1
DA:15,0
DA:16,0
LF:6
LH:2
end_of_record
SF:lib\presentation\bloc\search_tv\search_tv_bloc.dart
DA:12,3
DA:13,1
DA:14,1
DA:15,2
DA:17,3
DA:19,1
DA:20,1
DA:21,3
DA:23,1
DA:24,1
DA:25,2
DA:27,2
DA:32,1
DA:37,1
DA:38,3
LF:15
LH:15
end_of_record
SF:lib\presentation\bloc\search_tv\search_tv_state.dart
DA:4,2
DA:6,1
DA:7,1
DA:17,2
DA:19,1
DA:20,2
DA:26,1
DA:28,1
DA:29,2
LF:9
LH:9
end_of_record
SF:lib\presentation\bloc\watchlist_tv\watchlist_tv_event.dart
DA:4,3
DA:6,0
DA:7,0
DA:13,2
DA:15,0
DA:16,0
DA:22,2
DA:24,0
DA:25,0
DA:31,2
DA:33,0
DA:34,0
LF:12
LH:4
end_of_record
SF:lib\presentation\bloc\watchlist_tv\watchlist_tv_state.dart
DA:4,3
DA:6,1
DA:7,1
DA:19,3
DA:21,1
DA:22,2
DA:28,3
DA:30,1
DA:31,2
DA:37,2
DA:39,1
DA:40,2
DA:46,1
DA:48,1
DA:49,2
LF:15
LH:15
end_of_record
SF:lib\presentation\bloc\watchlist_tv\watchlist_tv_bloc.dart
DA:23,1
DA:28,2
DA:29,2
DA:30,3
DA:32,2
DA:35,2
DA:36,3
DA:38,1
DA:39,1
DA:40,3
DA:42,1
DA:43,2
DA:48,2
DA:49,3
DA:51,1
DA:52,1
DA:53,3
DA:55,1
DA:56,2
DA:61,2
DA:62,2
DA:64,2
DA:66,1
DA:67,1
DA:68,3
DA:70,1
DA:71,1
DA:72,2
DA:74,2
LF:29
LH:29
end_of_record
SF:lib\presentation\pages\on_the_air_tv_page.dart
DA:7,1
DA:9,1
DA:10,1
DA:14,1
DA:16,1
DA:17,1
DA:18,1
DA:22,1
DA:24,1
DA:25,1
DA:28,1
DA:30,1
DA:31,1
DA:32,1
DA:36,1
DA:37,1
DA:38,1
DA:39,2
DA:40,1
DA:42,2
DA:44,1
DA:45,1
DA:47,1
DA:48,1
LF:24
LH:24
end_of_record
SF:lib\presentation\widgets\tv_card_list.dart
DA:11,3
DA:13,3
DA:15,3
DA:17,3
DA:18,0
DA:19,0
DA:22,0
DA:25,3
DA:27,3
DA:28,3
DA:29,3
DA:35,3
DA:37,3
DA:38,3
DA:39,6
DA:42,3
DA:45,3
DA:46,6
DA:54,3
DA:59,3
DA:61,3
DA:62,9
DA:64,3
DA:67,0
LF:24
LH:20
end_of_record
SF:lib\presentation\pages\popular_tv_page.dart
DA:8,1
DA:10,1
DA:11,1
DA:15,1
DA:17,1
DA:18,1
DA:19,5
DA:23,1
DA:25,1
DA:26,1
DA:29,1
DA:31,1
DA:32,1
DA:33,1
DA:37,1
DA:38,1
DA:39,1
DA:40,2
DA:41,1
DA:43,2
DA:45,1
DA:46,1
DA:48,1
DA:49,1
LF:24
LH:24
end_of_record
SF:lib\presentation\pages\top_rated_tv_page.dart
DA:7,1
DA:9,1
DA:10,1
DA:14,1
DA:16,1
DA:17,1
DA:18,1
DA:22,1
DA:24,1
DA:25,1
DA:28,1
DA:30,1
DA:31,1
DA:32,1
DA:36,1
DA:37,1
DA:38,1
DA:39,2
DA:40,1
DA:42,2
DA:44,1
DA:45,1
DA:47,1
DA:48,1
LF:24
LH:24
end_of_record
SF:lib\presentation\pages\tv_detail_page.dart
DA:16,1
DA:18,1
DA:19,1
DA:23,1
DA:25,1
DA:26,2
DA:27,6
DA:28,6
DA:29,1
DA:30,1
DA:31,4
DA:35,1
DA:37,1
DA:38,1
DA:39,1
DA:40,1
DA:44,1
DA:45,1
DA:46,2
DA:48,1
DA:49,3
DA:62,1
DA:64,1
DA:65,1
DA:69,1
DA:71,3
DA:72,1
DA:73,1
DA:74,1
DA:75,4
DA:77,1
DA:80,0
DA:82,1
DA:84,1
DA:85,1
DA:86,1
DA:96,1
DA:97,1
DA:98,1
DA:100,1
DA:102,1
DA:104,1
DA:105,1
DA:106,3
DA:107,1
DA:109,1
DA:111,1
DA:114,1
DA:115,1
DA:118,1
DA:119,1
DA:122,1
DA:123,4
DA:125,2
DA:126,3
DA:129,2
DA:130,4
DA:132,1
DA:134,1
DA:143,1
DA:144,1
DA:145,1
DA:146,1
DA:149,1
DA:152,2
DA:153,2
DA:155,1
DA:157,1
DA:158,1
DA:159,1
DA:166,1
DA:167,4
DA:169,4
DA:170,1
DA:171,4
DA:174,1
DA:175,1
DA:176,1
DA:177,4
DA:179,1
DA:185,5
DA:189,1
DA:191,1
DA:193,1
DA:194,3
DA:197,1
DA:199,1
DA:201,1
DA:203,1
DA:204,1
DA:208,1
DA:209,2
DA:211,1
DA:212,1
DA:214,1
DA:216,1
DA:217,2
DA:218,1
DA:220,1
DA:221,0
DA:222,0
DA:225,0
DA:228,1
DA:233,1
DA:235,2
DA:236,1
DA:242,0
DA:249,2
DA:253,0
DA:261,1
DA:263,1
DA:278,1
DA:280,1
DA:283,1
DA:285,0
DA:286,0
LF:116
LH:108
end_of_record
